########### array before sorts ###########
0	3.274009	15.080284	4.067709	13.790525	n
1	4.067709	13.790525	5.159044	12.500763	n
2	5.159044	12.500763	6.647231	11.111788	n
3	6.647231	11.111788	8.036203	9.921241	n
4	8.036203	9.921241	9.921241	8.829903	n
5	9.921241	8.829903	11.310213	8.135416	n
6	11.310213	8.135416	14.500000	6.800000	n
7	14.500000	6.800000	14.501241	6.801097	n
8	14.501241	6.801097	14.601241	6.765822	n
9	14.601241	6.765822	14.659666	6.748975	n
10	14.659666	6.748975	14.734941	6.729763	n
11	14.734941	6.729763	14.889425	6.688188	n
12	14.889425	6.688188	14.985488	6.665822	n
13	14.985488	6.665822	15.080284	6.647231	n
14	15.080284	6.647231	17.362169	5.952744	n
15	17.362169	5.952744	19.147994	5.555894	n
16	19.147994	5.555894	20.437753	5.357469	n
17	20.437753	5.357469	22.322791	5.159044	n
18	22.322791	5.159044	24.207825	5.059831	n
19	24.207825	5.059831	26.390497	5.059831	n
20	26.390497	5.059831	28.672384	5.258256	n
21	28.672384	5.258256	30.656631	5.456681	n
22	30.656631	5.456681	33.136941	5.952744	n
23	33.136941	5.952744	34.426703	6.250381	n
24	34.426703	6.250381	36.410950	6.746444	n
25	36.410950	6.746444	37.899138	7.242506	n
26	37.899138	7.242506	38.261022	7.384247	n
27	38.261022	7.384247	38.599447	7.566609	n
28	38.599447	7.566609	38.957084	7.748975	n
29	38.957084	7.748975	39.348422	7.948975	n
30	39.348422	7.948975	39.846844	8.206609	n
31	39.846844	8.206609	40.306844	8.441097	n
32	40.306844	8.441097	40.478659	8.532266	n
33	40.478659	8.532266	42.859756	9.921241	n
34	42.859756	9.921241	44.546369	11.310213	n
35	44.546369	11.310213	46.133766	12.798400	n
36	46.133766	12.798400	47.225103	14.286584	n
37	47.225103	14.286584	48.316437	16.370047	n
38	48.316437	16.370047	48.911713	18.354294	n
39	48.911713	18.354294	49.010925	20.040906	n
40	49.010925	20.040906	48.812500	22.223578	n
41	48.812500	22.223578	48.316437	23.810975	n
42	48.316437	23.810975	47.621953	25.299163	n
43	47.621953	25.299163	46.133766	27.382622	n
44	46.133766	27.382622	44.744794	28.870809	n
45	44.744794	28.870809	43.157394	30.160569	n
46	43.157394	30.160569	41.073934	31.450331	n
47	41.073934	31.450331	38.395200	32.740091	n
48	38.395200	32.740091	37.105438	33.236153	n
49	37.105438	33.236153	35.021978	33.831428	n
50	35.021978	33.831428	32.740091	34.426703	n
51	32.740091	34.426703	32.343244	35.418828	n
52	32.343244	35.418828	31.648756	37.502288	n
53	31.648756	37.502288	30.557419	40.081809	n
54	30.557419	40.081809	29.645294	42.084481	n
55	29.645294	42.084481	28.990022	42.092669	n
56	28.990022	42.092669	28.076322	42.080853	n
57	28.076322	42.080853	26.681834	42.091403	n
58	26.681834	42.091403	26.047347	42.083528	n
59	26.047347	42.083528	25.591287	42.080378	n
60	25.591287	42.080378	25.194438	42.079591	n
61	25.194438	42.079591	24.597587	42.081166	n
62	24.597587	42.081166	23.783888	42.088253	n
63	23.783888	42.088253	22.953337	42.104006	n
64	22.953337	42.104006	22.125941	42.089997	n
65	22.125941	42.089997	20.140119	37.204650	n
66	20.140119	37.204650	19.147994	34.625128	n
67	19.147994	34.625128	17.560594	34.327491	n
68	17.560594	34.327491	16.171622	33.930641	n
69	16.171622	33.930641	13.393675	33.037728	n
70	13.393675	33.037728	11.508638	32.343244	n
71	11.508638	32.343244	9.524391	31.351119	n
72	9.524391	31.351119	7.341719	29.763719	n
73	7.341719	29.763719	6.250381	28.771597	n
74	6.250381	28.771597	5.159044	27.581047	n
75	5.159044	27.581047	4.166922	26.588922	n
76	4.166922	26.588922	3.472434	25.398375	n
77	3.274009	15.080284	3.174797	15.377922	n
78	3.174797	15.377922	3.174797	24.505463	n
79	3.174797	24.505463	3.274009	25.001525	n
80	3.274009	25.001525	3.472434	25.398375	n
Tolerance=0.050000.
*Exact match for i=0 and j=1.
*i point 3.274009	15.080284	4.067709	13.790525	y
*Exact match for i=1 and j=2.
*i point 4.067709	13.790525	5.159044	12.500763	y
*Exact match for i=2 and j=3.
*i point 5.159044	12.500763	6.647231	11.111788	y
*Exact match for i=3 and j=4.
*i point 6.647231	11.111788	8.036203	9.921241	y
*Exact match for i=4 and j=5.
*i point 8.036203	9.921241	9.921241	8.829903	y
*Exact match for i=5 and j=6.
*i point 9.921241	8.829903	11.310213	8.135416	y
*Exact match for i=6 and j=7.
*i point 11.310213	8.135416	14.500000	6.800000	y
*Exact match for i=7 and j=8.
*i point 14.500000	6.800000	14.501241	6.801097	y
*Exact match for i=8 and j=9.
*i point 14.501241	6.801097	14.601241	6.765822	y
*Exact match for i=9 and j=10.
*i point 14.601241	6.765822	14.659666	6.748975	y
*Exact match for i=10 and j=11.
*i point 14.659666	6.748975	14.734941	6.729763	y
*Exact match for i=11 and j=12.
*i point 14.734941	6.729763	14.889425	6.688188	y
*Exact match for i=12 and j=13.
*i point 14.889425	6.688188	14.985488	6.665822	y
*Exact match for i=13 and j=14.
*i point 14.985488	6.665822	15.080284	6.647231	y
*Exact match for i=14 and j=15.
*i point 15.080284	6.647231	17.362169	5.952744	y
*Exact match for i=15 and j=16.
*i point 17.362169	5.952744	19.147994	5.555894	y
*Exact match for i=16 and j=17.
*i point 19.147994	5.555894	20.437753	5.357469	y
*Exact match for i=17 and j=18.
*i point 20.437753	5.357469	22.322791	5.159044	y
*Exact match for i=18 and j=19.
*i point 22.322791	5.159044	24.207825	5.059831	y
*Exact match for i=19 and j=20.
*i point 24.207825	5.059831	26.390497	5.059831	y
*Exact match for i=20 and j=21.
*i point 26.390497	5.059831	28.672384	5.258256	y
*Exact match for i=21 and j=22.
*i point 28.672384	5.258256	30.656631	5.456681	y
*Exact match for i=22 and j=23.
*i point 30.656631	5.456681	33.136941	5.952744	y
*Exact match for i=23 and j=24.
*i point 33.136941	5.952744	34.426703	6.250381	y
*Exact match for i=24 and j=25.
*i point 34.426703	6.250381	36.410950	6.746444	y
*Exact match for i=25 and j=26.
*i point 36.410950	6.746444	37.899138	7.242506	y
*Exact match for i=26 and j=27.
*i point 37.899138	7.242506	38.261022	7.384247	y
*Exact match for i=27 and j=28.
*i point 38.261022	7.384247	38.599447	7.566609	y
*Exact match for i=28 and j=29.
*i point 38.599447	7.566609	38.957084	7.748975	y
*Exact match for i=29 and j=30.
*i point 38.957084	7.748975	39.348422	7.948975	y
*Exact match for i=30 and j=31.
*i point 39.348422	7.948975	39.846844	8.206609	y
*Exact match for i=31 and j=32.
*i point 39.846844	8.206609	40.306844	8.441097	y
*Exact match for i=32 and j=33.
*i point 40.306844	8.441097	40.478659	8.532266	y
*Exact match for i=33 and j=34.
*i point 40.478659	8.532266	42.859756	9.921241	y
*Exact match for i=34 and j=35.
*i point 42.859756	9.921241	44.546369	11.310213	y
*Exact match for i=35 and j=36.
*i point 44.546369	11.310213	46.133766	12.798400	y
*Exact match for i=36 and j=37.
*i point 46.133766	12.798400	47.225103	14.286584	y
*Exact match for i=37 and j=38.
*i point 47.225103	14.286584	48.316437	16.370047	y
*Exact match for i=38 and j=39.
*i point 48.316437	16.370047	48.911713	18.354294	y
*Exact match for i=39 and j=40.
*i point 48.911713	18.354294	49.010925	20.040906	y
*Exact match for i=40 and j=41.
*i point 49.010925	20.040906	48.812500	22.223578	y
*Exact match for i=41 and j=42.
*i point 48.812500	22.223578	48.316437	23.810975	y
*Exact match for i=42 and j=43.
*i point 48.316437	23.810975	47.621953	25.299163	y
*Exact match for i=43 and j=44.
*i point 47.621953	25.299163	46.133766	27.382622	y
*Exact match for i=44 and j=45.
*i point 46.133766	27.382622	44.744794	28.870809	y
*Exact match for i=45 and j=46.
*i point 44.744794	28.870809	43.157394	30.160569	y
*Exact match for i=46 and j=47.
*i point 43.157394	30.160569	41.073934	31.450331	y
*Exact match for i=47 and j=48.
*i point 41.073934	31.450331	38.395200	32.740091	y
*Exact match for i=48 and j=49.
*i point 38.395200	32.740091	37.105438	33.236153	y
*Exact match for i=49 and j=50.
*i point 37.105438	33.236153	35.021978	33.831428	y
*Exact match for i=50 and j=51.
*i point 35.021978	33.831428	32.740091	34.426703	y
*Exact match for i=51 and j=52.
*i point 32.740091	34.426703	32.343244	35.418828	y
*Exact match for i=52 and j=53.
*i point 32.343244	35.418828	31.648756	37.502288	y
*Exact match for i=53 and j=54.
*i point 31.648756	37.502288	30.557419	40.081809	y
*Exact match for i=54 and j=55.
*i point 30.557419	40.081809	29.645294	42.084481	y
*Exact match for i=55 and j=56.
*i point 29.645294	42.084481	28.990022	42.092669	y
*Exact match for i=56 and j=57.
*i point 28.990022	42.092669	28.076322	42.080853	y
*Exact match for i=57 and j=58.
*i point 28.076322	42.080853	26.681834	42.091403	y
*Exact match for i=58 and j=59.
*i point 26.681834	42.091403	26.047347	42.083528	y
*Exact match for i=59 and j=60.
*i point 26.047347	42.083528	25.591287	42.080378	y
*Exact match for i=60 and j=61.
*i point 25.591287	42.080378	25.194438	42.079591	y
*Exact match for i=61 and j=62.
*i point 25.194438	42.079591	24.597587	42.081166	y
*Exact match for i=62 and j=63.
*i point 24.597587	42.081166	23.783888	42.088253	y
*Exact match for i=63 and j=64.
*i point 23.783888	42.088253	22.953337	42.104006	y
*Exact match for i=64 and j=65.
*i point 22.953337	42.104006	22.125941	42.089997	y
*Exact match for i=65 and j=66.
*i point 22.125941	42.089997	20.140119	37.204650	y
*Exact match for i=66 and j=67.
*i point 20.140119	37.204650	19.147994	34.625128	y
*Exact match for i=67 and j=68.
*i point 19.147994	34.625128	17.560594	34.327491	y
*Exact match for i=68 and j=69.
*i point 17.560594	34.327491	16.171622	33.930641	y
*Exact match for i=69 and j=70.
*i point 16.171622	33.930641	13.393675	33.037728	y
*Exact match for i=70 and j=71.
*i point 13.393675	33.037728	11.508638	32.343244	y
*Exact match for i=71 and j=72.
*i point 11.508638	32.343244	9.524391	31.351119	y
*Exact match for i=72 and j=73.
*i point 9.524391	31.351119	7.341719	29.763719	y
*Exact match for i=73 and j=74.
*i point 7.341719	29.763719	6.250381	28.771597	y
*Exact match for i=74 and j=75.
*i point 6.250381	28.771597	5.159044	27.581047	y
*Exact match for i=75 and j=76.
*i point 5.159044	27.581047	4.166922	26.588922	y
*Exact match for i=76 and j=80.
*i point 4.166922	26.588922	3.472434	25.398375	y
	*Before flip 	3.274009	25.001525	3.472434	25.398375	y
	*After flip 	3.472434	25.398375	3.274009	25.001525	y
*Exact match for i=77 and j=79.
*i point 3.472434	25.398375	3.274009	25.001525	y
	*Before flip 	3.174797	24.505463	3.274009	25.001525	y
	*After flip 	3.274009	25.001525	3.174797	24.505463	y
*Exact match for i=78 and j=79.
*i point 3.274009	25.001525	3.174797	24.505463	y
	*Before flip 	3.174797	15.377922	3.174797	24.505463	y
	*After flip 	3.174797	24.505463	3.174797	15.377922	y
*Exact match for i=79 and j=80.
*i point 3.174797	24.505463	3.174797	15.377922	y
	*Before flip 	3.274009	15.080284	3.174797	15.377922	y
	*After flip 	3.174797	15.377922	3.274009	15.080284	y
########### array after sorts ###########
0	3.274009	15.080284	4.067709	13.790525	y
1	4.067709	13.790525	5.159044	12.500763	y
2	5.159044	12.500763	6.647231	11.111788	y
3	6.647231	11.111788	8.036203	9.921241	y
4	8.036203	9.921241	9.921241	8.829903	y
5	9.921241	8.829903	11.310213	8.135416	y
6	11.310213	8.135416	14.500000	6.800000	y
7	14.500000	6.800000	14.501241	6.801097	y
8	14.501241	6.801097	14.601241	6.765822	y
9	14.601241	6.765822	14.659666	6.748975	y
10	14.659666	6.748975	14.734941	6.729763	y
11	14.734941	6.729763	14.889425	6.688188	y
12	14.889425	6.688188	14.985488	6.665822	y
13	14.985488	6.665822	15.080284	6.647231	y
14	15.080284	6.647231	17.362169	5.952744	y
15	17.362169	5.952744	19.147994	5.555894	y
16	19.147994	5.555894	20.437753	5.357469	y
17	20.437753	5.357469	22.322791	5.159044	y
18	22.322791	5.159044	24.207825	5.059831	y
19	24.207825	5.059831	26.390497	5.059831	y
20	26.390497	5.059831	28.672384	5.258256	y
21	28.672384	5.258256	30.656631	5.456681	y
22	30.656631	5.456681	33.136941	5.952744	y
23	33.136941	5.952744	34.426703	6.250381	y
24	34.426703	6.250381	36.410950	6.746444	y
25	36.410950	6.746444	37.899138	7.242506	y
26	37.899138	7.242506	38.261022	7.384247	y
27	38.261022	7.384247	38.599447	7.566609	y
28	38.599447	7.566609	38.957084	7.748975	y
29	38.957084	7.748975	39.348422	7.948975	y
30	39.348422	7.948975	39.846844	8.206609	y
31	39.846844	8.206609	40.306844	8.441097	y
32	40.306844	8.441097	40.478659	8.532266	y
33	40.478659	8.532266	42.859756	9.921241	y
34	42.859756	9.921241	44.546369	11.310213	y
35	44.546369	11.310213	46.133766	12.798400	y
36	46.133766	12.798400	47.225103	14.286584	y
37	47.225103	14.286584	48.316437	16.370047	y
38	48.316437	16.370047	48.911713	18.354294	y
39	48.911713	18.354294	49.010925	20.040906	y
40	49.010925	20.040906	48.812500	22.223578	y
41	48.812500	22.223578	48.316437	23.810975	y
42	48.316437	23.810975	47.621953	25.299163	y
43	47.621953	25.299163	46.133766	27.382622	y
44	46.133766	27.382622	44.744794	28.870809	y
45	44.744794	28.870809	43.157394	30.160569	y
46	43.157394	30.160569	41.073934	31.450331	y
47	41.073934	31.450331	38.395200	32.740091	y
48	38.395200	32.740091	37.105438	33.236153	y
49	37.105438	33.236153	35.021978	33.831428	y
50	35.021978	33.831428	32.740091	34.426703	y
51	32.740091	34.426703	32.343244	35.418828	y
52	32.343244	35.418828	31.648756	37.502288	y
53	31.648756	37.502288	30.557419	40.081809	y
54	30.557419	40.081809	29.645294	42.084481	y
55	29.645294	42.084481	28.990022	42.092669	y
56	28.990022	42.092669	28.076322	42.080853	y
57	28.076322	42.080853	26.681834	42.091403	y
58	26.681834	42.091403	26.047347	42.083528	y
59	26.047347	42.083528	25.591287	42.080378	y
60	25.591287	42.080378	25.194438	42.079591	y
61	25.194438	42.079591	24.597587	42.081166	y
62	24.597587	42.081166	23.783888	42.088253	y
63	23.783888	42.088253	22.953337	42.104006	y
64	22.953337	42.104006	22.125941	42.089997	y
65	22.125941	42.089997	20.140119	37.204650	y
66	20.140119	37.204650	19.147994	34.625128	y
67	19.147994	34.625128	17.560594	34.327491	y
68	17.560594	34.327491	16.171622	33.930641	y
69	16.171622	33.930641	13.393675	33.037728	y
70	13.393675	33.037728	11.508638	32.343244	y
71	11.508638	32.343244	9.524391	31.351119	y
72	9.524391	31.351119	7.341719	29.763719	y
73	7.341719	29.763719	6.250381	28.771597	y
74	6.250381	28.771597	5.159044	27.581047	y
75	5.159044	27.581047	4.166922	26.588922	y
76	4.166922	26.588922	3.472434	25.398375	y
77	3.472434	25.398375	3.274009	25.001525	y
78	3.274009	25.001525	3.174797	24.505463	y
79	3.174797	24.505463	3.174797	15.377922	y
80	3.174797	15.377922	3.274009	15.080284	y
***************
.BOARD_OUTLINE UNOWNED
1.6
0     3.274009     15.080284     0
0     4.067709     13.790525     0
0     5.159044     12.500763     0
0     6.647231     11.111788     0
0     8.036203     9.921241     0
0     9.921241     8.829903     0
0     11.310213     8.135416     0
0     14.500000     6.800000     0
0     14.501241     6.801097     0
0     14.601241     6.765822     0
0     14.659666     6.748975     0
0     14.734941     6.729763     0
0     14.889425     6.688188     0
0     14.985488     6.665822     0
0     15.080284     6.647231     0
0     17.362169     5.952744     0
0     19.147994     5.555894     0
0     20.437753     5.357469     0
0     22.322791     5.159044     0
0     24.207825     5.059831     0
0     26.390497     5.059831     0
0     28.672384     5.258256     0
0     30.656631     5.456681     0
0     33.136941     5.952744     0
0     34.426703     6.250381     0
0     36.410950     6.746444     0
0     37.899138     7.242506     0
0     38.261022     7.384247     0
0     38.599447     7.566609     0
0     38.957084     7.748975     0
0     39.348422     7.948975     0
0     39.846844     8.206609     0
0     40.306844     8.441097     0
0     40.478659     8.532266     0
0     42.859756     9.921241     0
0     44.546369     11.310213     0
0     46.133766     12.798400     0
0     47.225103     14.286584     0
0     48.316437     16.370047     0
0     48.911713     18.354294     0
0     49.010925     20.040906     0
0     48.812500     22.223578     0
0     48.316437     23.810975     0
0     47.621953     25.299163     0
0     46.133766     27.382622     0
0     44.744794     28.870809     0
0     43.157394     30.160569     0
0     41.073934     31.450331     0
0     38.395200     32.740091     0
0     37.105438     33.236153     0
0     35.021978     33.831428     0
0     32.740091     34.426703     0
0     32.343244     35.418828     0
0     31.648756     37.502288     0
0     30.557419     40.081809     0
0     29.645294     42.084481     0
0     28.990022     42.092669     0
0     28.076322     42.080853     0
0     26.681834     42.091403     0
0     26.047347     42.083528     0
0     25.591287     42.080378     0
0     25.194438     42.079591     0
0     24.597587     42.081166     0
0     23.783888     42.088253     0
0     22.953337     42.104006     0
0     22.125941     42.089997     0
0     20.140119     37.204650     0
0     19.147994     34.625128     0
0     17.560594     34.327491     0
0     16.171622     33.930641     0
0     13.393675     33.037728     0
0     11.508638     32.343244     0
0     9.524391     31.351119     0
0     7.341719     29.763719     0
0     6.250381     28.771597     0
0     5.159044     27.581047     0
0     4.166922     26.588922     0
0     3.472434     25.398375     0
0     3.274009     25.001525     0
0     3.174797     24.505463     0
0     3.174797     15.377922     0
0     3.274009     15.080284     0
